<?xml version="1.0" encoding="UTF-8"?>
<!-- Generated by org.testng.reporters.JUnitReportReporter -->
<testsuite hostname="DESKTOP-MOPS6ER" failures="0" tests="2" name="com.protrainingtech.org.TrainingSession.NewTest" time="0.036" errors="0" timestamp="2024-04-13T16:23:38 BST" skipped="0">
  <testcase classname="com.protrainingtech.org.TrainingSession.NewTest" name="testsecond" time="0.008"/>
  <testcase classname="com.protrainingtech.org.TrainingSession.NewTest" name="f" time="0.028"/>
</testsuite> <!-- com.protrainingtech.org.TrainingSession.NewTest -->
